# JRE version: OpenJDK Runtime Environment (8.0_76-b03) (build 1.8.0_76-release-b03)
# Java VM: OpenJDK 64-Bit Server VM (25.76-b03 mixed mode windows-amd64 compressed oops)
Heap:
 PSYoungGen      total 335872K, used 120453K [0x00000000e0000000, 0x00000000f9580000, 0x0000000100000000)
  eden space 270848K, 26% used [0x00000000e0000000,0x00000000e4664470,0x00000000f0880000)
  from space 65024K, 74% used [0x00000000f0880000,0x00000000f37bd140,0x00000000f4800000)
  to   space 53760K, 0% used [0x00000000f4800000,0x00000000f4800000,0x00000000f7c80000)
 ParOldGen       total 207872K, used 108326K [0x00000000a0000000, 0x00000000acb00000, 0x00000000e0000000)
  object space 207872K, 52% used [0x00000000a0000000,0x00000000a69c98b0,0x00000000acb00000)
 Metaspace       used 70054K, capacity 72054K, committed 74672K, reserved 1114112K
  class space    used 8754K, capacity 9103K, committed 9904K, reserved 1048576K
GC Heap History (10 events):
Event: 2216.587 GC heap before
{Heap before GC invocations=24 (full 4):
 PSYoungGen      total 238592K, used 238575K [0x00000000e0000000, 0x00000000f2880000, 0x0000000100000000)
  eden space 209408K, 100% used [0x00000000e0000000,0x00000000ecc80000,0x00000000ecc80000)
  from space 29184K, 99% used [0x00000000ecc80000,0x00000000ee8fbd28,0x00000000ee900000)
  to   space 38400K, 0% used [0x00000000f0300000,0x00000000f0300000,0x00000000f2880000)
 ParOldGen       total 99328K, used 79126K [0x00000000a0000000, 0x00000000a6100000, 0x00000000e0000000)
  object space 99328K, 79% used [0x00000000a0000000,0x00000000a4d45978,0x00000000a6100000)
 Metaspace       used 71519K, capacity 74524K, committed 74672K, reserved 1114112K
  class space    used 9153K, capacity 9789K, committed 9904K, reserved 1048576K
Event: 2216.910 GC heap after
Heap after GC invocations=24 (full 4):
 PSYoungGen      total 251392K, used 38379K [0x00000000e0000000, 0x00000000f7080000, 0x0000000100000000)
  eden space 212992K, 0% used [0x00000000e0000000,0x00000000e0000000,0x00000000ed000000)
  from space 38400K, 99% used [0x00000000f0300000,0x00000000f287ac70,0x00000000f2880000)
  to   space 52224K, 0% used [0x00000000ed000000,0x00000000ed000000,0x00000000f0300000)
 ParOldGen       total 100864K, used 100624K [0x00000000a0000000, 0x00000000a6280000, 0x00000000e0000000)
  object space 100864K, 99% used [0x00000000a0000000,0x00000000a6244160,0x00000000a6280000)
 Metaspace       used 71519K, capacity 74524K, committed 74672K, reserved 1114112K
  class space    used 9153K, capacity 9789K, committed 9904K, reserved 1048576K
}
Event: 2216.910 GC heap before
{Heap before GC invocations=25 (full 5):
 PSYoungGen      total 251392K, used 38379K [0x00000000e0000000, 0x00000000f7080000, 0x0000000100000000)
  eden space 212992K, 0% used [0x00000000e0000000,0x00000000e0000000,0x00000000ed000000)
  from space 38400K, 99% used [0x00000000f0300000,0x00000000f287ac70,0x00000000f2880000)
  to   space 52224K, 0% used [0x00000000ed000000,0x00000000ed000000,0x00000000f0300000)
 ParOldGen       total 100864K, used 100624K [0x00000000a0000000, 0x00000000a6280000, 0x00000000e0000000)
  object space 100864K, 99% used [0x00000000a0000000,0x00000000a6244160,0x00000000a6280000)
 Metaspace       used 71519K, capacity 74524K, committed 74672K, reserved 1114112K
  class space    used 9153K, capacity 9789K, committed 9904K, reserved 1048576K
Event: 2218.381 GC heap after
Heap after GC invocations=25 (full 5):
 PSYoungGen      total 251392K, used 1512K [0x00000000e0000000, 0x00000000f7080000, 0x0000000100000000)
  eden space 212992K, 0% used [0x00000000e0000000,0x00000000e0000000,0x00000000ed000000)
  from space 38400K, 3% used [0x00000000f0300000,0x00000000f047a378,0x00000000f2880000)
  to   space 52224K, 0% used [0x00000000ed000000,0x00000000ed000000,0x00000000f0300000)
 ParOldGen       total 207872K, used 100459K [0x00000000a0000000, 0x00000000acb00000, 0x00000000e0000000)
  object space 207872K, 48% used [0x00000000a0000000,0x00000000a621aec8,0x00000000acb00000)
 Metaspace       used 68749K, capacity 70612K, committed 74672K, reserved 1114112K
  class space    used 8610K, capacity 8942K, committed 9904K, reserved 1048576K
}
Event: 2221.522 GC heap before
{Heap before GC invocations=26 (full 5):
 PSYoungGen      total 251392K, used 214504K [0x00000000e0000000, 0x00000000f7080000, 0x0000000100000000)
  eden space 212992K, 100% used [0x00000000e0000000,0x00000000ed000000,0x00000000ed000000)
  from space 38400K, 3% used [0x00000000f0300000,0x00000000f047a378,0x00000000f2880000)
  to   space 52224K, 0% used [0x00000000ed000000,0x00000000ed000000,0x00000000f0300000)
 ParOldGen       total 207872K, used 100459K [0x00000000a0000000, 0x00000000acb00000, 0x00000000e0000000)
  object space 207872K, 48% used [0x00000000a0000000,0x00000000a621aec8,0x00000000acb00000)
 Metaspace       used 68802K, capacity 70612K, committed 74672K, reserved 1114112K
  class space    used 8611K, capacity 8942K, committed 9904K, reserved 1048576K
Event: 2221.761 GC heap after
Heap after GC invocations=26 (full 5):
 PSYoungGen      total 265216K, used 33212K [0x00000000e0000000, 0x00000000f7c80000, 0x0000000100000000)
  eden space 212992K, 0% used [0x00000000e0000000,0x00000000e0000000,0x00000000ed000000)
  from space 52224K, 63% used [0x00000000ed000000,0x00000000ef06f3d0,0x00000000f0300000)
  to   space 53760K, 0% used [0x00000000f4800000,0x00000000f4800000,0x00000000f7c80000)
 ParOldGen       total 207872K, used 100467K [0x00000000a0000000, 0x00000000acb00000, 0x00000000e0000000)
  object space 207872K, 48% used [0x00000000a0000000,0x00000000a621cec8,0x00000000acb00000)
 Metaspace       used 68802K, capacity 70612K, committed 74672K, reserved 1114112K
  class space    used 8611K, capacity 8942K, committed 9904K, reserved 1048576K
}
Event: 2223.484 GC heap before
{Heap before GC invocations=27 (full 5):
 PSYoungGen      total 265216K, used 246204K [0x00000000e0000000, 0x00000000f7c80000, 0x0000000100000000)
  eden space 212992K, 100% used [0x00000000e0000000,0x00000000ed000000,0x00000000ed000000)
  from space 52224K, 63% used [0x00000000ed000000,0x00000000ef06f3d0,0x00000000f0300000)
  to   space 53760K, 0% used [0x00000000f4800000,0x00000000f4800000,0x00000000f7c80000)
 ParOldGen       total 207872K, used 100467K [0x00000000a0000000, 0x00000000acb00000, 0x00000000e0000000)
  object space 207872K, 48% used [0x00000000a0000000,0x00000000a621cec8,0x00000000acb00000)
 Metaspace       used 68878K, capacity 70736K, committed 74672K, reserved 1114112K
  class space    used 8616K, capacity 8952K, committed 9904K, reserved 1048576K
Event: 2223.707 GC heap after
Heap after GC invocations=27 (full 5):
 PSYoungGen      total 324608K, used 53730K [0x00000000e0000000, 0x00000000f9580000, 0x0000000100000000)
  eden space 270848K, 0% used [0x00000000e0000000,0x00000000e0000000,0x00000000f0880000)
  from space 53760K, 99% used [0x00000000f4800000,0x00000000f7c78b08,0x00000000f7c80000)
  to   space 65024K, 0% used [0x00000000f0880000,0x00000000f0880000,0x00000000f4800000)
 ParOldGen       total 207872K, used 107726K [0x00000000a0000000, 0x00000000acb00000, 0x00000000e0000000)
  object space 207872K, 51% used [0x00000000a0000000,0x00000000a69338b0,0x00000000acb00000)
 Metaspace       used 68878K, capacity 70736K, committed 74672K, reserved 1114112K
  class space    used 8616K, capacity 8952K, committed 9904K, reserved 1048576K
}
Event: 2230.353 GC heap before
{Heap before GC invocations=28 (full 5):
 PSYoungGen      total 324608K, used 324578K [0x00000000e0000000, 0x00000000f9580000, 0x0000000100000000)
  eden space 270848K, 100% used [0x00000000e0000000,0x00000000f0880000,0x00000000f0880000)
  from space 53760K, 99% used [0x00000000f4800000,0x00000000f7c78b08,0x00000000f7c80000)
  to   space 65024K, 0% used [0x00000000f0880000,0x00000000f0880000,0x00000000f4800000)
 ParOldGen       total 207872K, used 107726K [0x00000000a0000000, 0x00000000acb00000, 0x00000000e0000000)
  object space 207872K, 51% used [0x00000000a0000000,0x00000000a69338b0,0x00000000acb00000)
 Metaspace       used 68930K, capacity 70736K, committed 74672K, reserved 1114112K
  class space    used 8618K, capacity 8952K, committed 9904K, reserved 1048576K
Event: 2230.686 GC heap after
Heap after GC invocations=28 (full 5):
 PSYoungGen      total 335872K, used 48372K [0x00000000e0000000, 0x00000000f9580000, 0x0000000100000000)
  eden space 270848K, 0% used [0x00000000e0000000,0x00000000e0000000,0x00000000f0880000)
  from space 65024K, 74% used [0x00000000f0880000,0x00000000f37bd140,0x00000000f4800000)
  to   space 53760K, 0% used [0x00000000f4800000,0x00000000f4800000,0x00000000f7c80000)
 ParOldGen       total 207872K, used 108326K [0x00000000a0000000, 0x00000000acb00000, 0x00000000e0000000)
  object space 207872K, 52% used [0x00000000a0000000,0x00000000a69c98b0,0x00000000acb00000)
 Metaspace       used 68930K, capacity 70736K, committed 74672K, reserved 1114112K
  class space    used 8618K, capacity 8952K, committed 9904K, reserved 1048576K
}

