# JRE version: OpenJDK Runtime Environment (8.0_76-b03) (build 1.8.0_76-release-b03)
# Java VM: OpenJDK 64-Bit Server VM (25.76-b03 mixed mode windows-amd64 compressed oops)
Heap:
 PSYoungGen      total 492544K, used 144979K [0x00000000e0000000, 0x00000000ffa80000, 0x0000000100000000)
  eden space 488960K, 29% used [0x00000000e0000000,0x00000000e8d94fd0,0x00000000fdd80000)
  from space 3584K, 0% used [0x00000000fdd80000,0x00000000fdd80000,0x00000000fe100000)
  to   space 14848K, 0% used [0x00000000fec00000,0x00000000fec00000,0x00000000ffa80000)
 ParOldGen       total 89088K, used 32381K [0x00000000a0000000, 0x00000000a5700000, 0x00000000e0000000)
  object space 89088K, 36% used [0x00000000a0000000,0x00000000a1f9f6b8,0x00000000a5700000)
 Metaspace       used 67835K, capacity 72028K, committed 72112K, reserved 1112064K
  class space    used 8547K, capacity 9056K, committed 9136K, reserved 1048576K
GC Heap History (10 events):
Event: 5436.369 GC heap before
{Heap before GC invocations=40 (full 13):
 PSYoungGen      total 505344K, used 556K [0x00000000e0000000, 0x00000000ffd80000, 0x0000000100000000)
  eden space 488960K, 0% used [0x00000000e0000000,0x00000000e0000000,0x00000000fdd80000)
  from space 16384K, 3% used [0x00000000fdd80000,0x00000000fde0b1c0,0x00000000fed80000)
  to   space 16384K, 0% used [0x00000000fed80000,0x00000000fed80000,0x00000000ffd80000)
 ParOldGen       total 89088K, used 31623K [0x00000000a0000000, 0x00000000a5700000, 0x00000000e0000000)
  object space 89088K, 35% used [0x00000000a0000000,0x00000000a1ee1e00,0x00000000a5700000)
 Metaspace       used 67395K, capacity 71244K, committed 71600K, reserved 1112064K
  class space    used 8505K, capacity 9012K, committed 9136K, reserved 1048576K
Event: 5436.670 GC heap after
Heap after GC invocations=40 (full 13):
 PSYoungGen      total 505344K, used 0K [0x00000000e0000000, 0x00000000ffd80000, 0x0000000100000000)
  eden space 488960K, 0% used [0x00000000e0000000,0x00000000e0000000,0x00000000fdd80000)
  from space 16384K, 0% used [0x00000000fdd80000,0x00000000fdd80000,0x00000000fed80000)
  to   space 16384K, 0% used [0x00000000fed80000,0x00000000fed80000,0x00000000ffd80000)
 ParOldGen       total 89088K, used 30177K [0x00000000a0000000, 0x00000000a5700000, 0x00000000e0000000)
  object space 89088K, 33% used [0x00000000a0000000,0x00000000a1d785d0,0x00000000a5700000)
 Metaspace       used 67395K, capacity 71244K, committed 71600K, reserved 1112064K
  class space    used 8505K, capacity 9012K, committed 9136K, reserved 1048576K
}
Event: 5578.404 GC heap before
{Heap before GC invocations=41 (full 13):
 PSYoungGen      total 505344K, used 404326K [0x00000000e0000000, 0x00000000ffd80000, 0x0000000100000000)
  eden space 488960K, 82% used [0x00000000e0000000,0x00000000f8ad99e8,0x00000000fdd80000)
  from space 16384K, 0% used [0x00000000fdd80000,0x00000000fdd80000,0x00000000fed80000)
  to   space 16384K, 0% used [0x00000000fed80000,0x00000000fed80000,0x00000000ffd80000)
 ParOldGen       total 89088K, used 30177K [0x00000000a0000000, 0x00000000a5700000, 0x00000000e0000000)
  object space 89088K, 33% used [0x00000000a0000000,0x00000000a1d785d0,0x00000000a5700000)
 Metaspace       used 67631K, capacity 71572K, committed 71856K, reserved 1112064K
  class space    used 8523K, capacity 9032K, committed 9136K, reserved 1048576K
Event: 5578.410 GC heap after
Heap after GC invocations=41 (full 13):
 PSYoungGen      total 503296K, used 3064K [0x00000000e0000000, 0x00000000ffb80000, 0x0000000100000000)
  eden space 488960K, 0% used [0x00000000e0000000,0x00000000e0000000,0x00000000fdd80000)
  from space 14336K, 21% used [0x00000000fed80000,0x00000000ff07e3a0,0x00000000ffb80000)
  to   space 15360K, 0% used [0x00000000fdd80000,0x00000000fdd80000,0x00000000fec80000)
 ParOldGen       total 89088K, used 30185K [0x00000000a0000000, 0x00000000a5700000, 0x00000000e0000000)
  object space 89088K, 33% used [0x00000000a0000000,0x00000000a1d7a5d0,0x00000000a5700000)
 Metaspace       used 67631K, capacity 71572K, committed 71856K, reserved 1112064K
  class space    used 8523K, capacity 9032K, committed 9136K, reserved 1048576K
}
Event: 5578.410 GC heap before
{Heap before GC invocations=42 (full 14):
 PSYoungGen      total 503296K, used 3064K [0x00000000e0000000, 0x00000000ffb80000, 0x0000000100000000)
  eden space 488960K, 0% used [0x00000000e0000000,0x00000000e0000000,0x00000000fdd80000)
  from space 14336K, 21% used [0x00000000fed80000,0x00000000ff07e3a0,0x00000000ffb80000)
  to   space 15360K, 0% used [0x00000000fdd80000,0x00000000fdd80000,0x00000000fec80000)
 ParOldGen       total 89088K, used 30185K [0x00000000a0000000, 0x00000000a5700000, 0x00000000e0000000)
  object space 89088K, 33% used [0x00000000a0000000,0x00000000a1d7a5d0,0x00000000a5700000)
 Metaspace       used 67631K, capacity 71572K, committed 71856K, reserved 1112064K
  class space    used 8523K, capacity 9032K, committed 9136K, reserved 1048576K
Event: 5578.655 GC heap after
Heap after GC invocations=42 (full 14):
 PSYoungGen      total 503296K, used 0K [0x00000000e0000000, 0x00000000ffb80000, 0x0000000100000000)
  eden space 488960K, 0% used [0x00000000e0000000,0x00000000e0000000,0x00000000fdd80000)
  from space 14336K, 0% used [0x00000000fed80000,0x00000000fed80000,0x00000000ffb80000)
  to   space 15360K, 0% used [0x00000000fdd80000,0x00000000fdd80000,0x00000000fec80000)
 ParOldGen       total 89088K, used 32079K [0x00000000a0000000, 0x00000000a5700000, 0x00000000e0000000)
  object space 89088K, 36% used [0x00000000a0000000,0x00000000a1f53cc8,0x00000000a5700000)
 Metaspace       used 67631K, capacity 71572K, committed 71856K, reserved 1112064K
  class space    used 8523K, capacity 9032K, committed 9136K, reserved 1048576K
}
Event: 5703.949 GC heap before
{Heap before GC invocations=43 (full 14):
 PSYoungGen      total 503296K, used 403480K [0x00000000e0000000, 0x00000000ffb80000, 0x0000000100000000)
  eden space 488960K, 82% used [0x00000000e0000000,0x00000000f8a06238,0x00000000fdd80000)
  from space 14336K, 0% used [0x00000000fed80000,0x00000000fed80000,0x00000000ffb80000)
  to   space 15360K, 0% used [0x00000000fdd80000,0x00000000fdd80000,0x00000000fec80000)
 ParOldGen       total 89088K, used 32079K [0x00000000a0000000, 0x00000000a5700000, 0x00000000e0000000)
  object space 89088K, 36% used [0x00000000a0000000,0x00000000a1f53cc8,0x00000000a5700000)
 Metaspace       used 67764K, capacity 71940K, committed 72112K, reserved 1112064K
  class space    used 8540K, capacity 9048K, committed 9136K, reserved 1048576K
Event: 5703.956 GC heap after
Heap after GC invocations=43 (full 14):
 PSYoungGen      total 492544K, used 3090K [0x00000000e0000000, 0x00000000ffa80000, 0x0000000100000000)
  eden space 488960K, 0% used [0x00000000e0000000,0x00000000e0000000,0x00000000fdd80000)
  from space 3584K, 86% used [0x00000000fdd80000,0x00000000fe084ae8,0x00000000fe100000)
  to   space 14848K, 0% used [0x00000000fec00000,0x00000000fec00000,0x00000000ffa80000)
 ParOldGen       total 89088K, used 32087K [0x00000000a0000000, 0x00000000a5700000, 0x00000000e0000000)
  object space 89088K, 36% used [0x00000000a0000000,0x00000000a1f55cc8,0x00000000a5700000)
 Metaspace       used 67764K, capacity 71940K, committed 72112K, reserved 1112064K
  class space    used 8540K, capacity 9048K, committed 9136K, reserved 1048576K
}
Event: 5703.956 GC heap before
{Heap before GC invocations=44 (full 15):
 PSYoungGen      total 492544K, used 3090K [0x00000000e0000000, 0x00000000ffa80000, 0x0000000100000000)
  eden space 488960K, 0% used [0x00000000e0000000,0x00000000e0000000,0x00000000fdd80000)
  from space 3584K, 86% used [0x00000000fdd80000,0x00000000fe084ae8,0x00000000fe100000)
  to   space 14848K, 0% used [0x00000000fec00000,0x00000000fec00000,0x00000000ffa80000)
 ParOldGen       total 89088K, used 32087K [0x00000000a0000000, 0x00000000a5700000, 0x00000000e0000000)
  object space 89088K, 36% used [0x00000000a0000000,0x00000000a1f55cc8,0x00000000a5700000)
 Metaspace       used 67764K, capacity 71940K, committed 72112K, reserved 1112064K
  class space    used 8540K, capacity 9048K, committed 9136K, reserved 1048576K
Event: 5704.083 GC heap after
Heap after GC invocations=44 (full 15):
 PSYoungGen      total 492544K, used 0K [0x00000000e0000000, 0x00000000ffa80000, 0x0000000100000000)
  eden space 488960K, 0% used [0x00000000e0000000,0x00000000e0000000,0x00000000fdd80000)
  from space 3584K, 0% used [0x00000000fdd80000,0x00000000fdd80000,0x00000000fe100000)
  to   space 14848K, 0% used [0x00000000fec00000,0x00000000fec00000,0x00000000ffa80000)
 ParOldGen       total 89088K, used 32381K [0x00000000a0000000, 0x00000000a5700000, 0x00000000e0000000)
  object space 89088K, 36% used [0x00000000a0000000,0x00000000a1f9f6b8,0x00000000a5700000)
 Metaspace       used 67764K, capacity 71940K, committed 72112K, reserved 1112064K
  class space    used 8540K, capacity 9048K, committed 9136K, reserved 1048576K
}

